--------------------------------------------------
Simulating with r=1.0...
[('10 1', 4585), ('01 0', 2856), ('11 1', 1055), ('00 1', 3248), ('10 0', 24647), ('01 1', 804), ('11 0', 10505), ('00 0', 52300)]
Our simulation...
[-0.57889701  0.28801912  0.68780126  0.32992827]
Ans should be...
[-0.05423261  0.3796283   0.59655876  0.70502399]
Fidelity=0.6141175378481106
Probability=0.09692000000000002
--------------------------------------------------
--------------------------------------------------
Simulating with r=1.1...
[('10 1', 12292), ('01 0', 3500), ('11 1', 4656), ('00 1', 13654), ('10 0', 17278), ('01 1', 3869), ('11 0', 9135), ('00 0', 35616)]
Our simulation...
[-0.62936561  0.3350213   0.59715123  0.36751879]
Ans should be...
[-0.05423261  0.3796283   0.59655876  0.70502399]
Fidelity=0.6032024192969161
Probability=0.34470999999999996
--------------------------------------------------
--------------------------------------------------
Simulating with r=1.2...
[('10 1', 15104), ('01 0', 7336), ('11 1', 6679), ('00 1', 15477), ('10 0', 15466), ('01 1', 7551), ('11 0', 12269), ('00 0', 20118)]
Our simulation...
[-0.58769375  0.41049693  0.58056877  0.38606764]
Ans should be...
[-0.05423261  0.3796283   0.59655876  0.70502399]
Fidelity=0.6500209321622513
Probability=0.44811
--------------------------------------------------
--------------------------------------------------
Simulating with r=1.3...
[('10 1', 13131), ('01 0', 11759), ('11 1', 5733), ('00 1', 7642), ('10 0', 19030), ('01 1', 9859), ('11 0', 17367), ('00 0', 15479)]
Our simulation...
[-0.45841806  0.52068449  0.60090678  0.39705363]
Ans should be...
[-0.05423261  0.3796283   0.59655876  0.70502399]
Fidelity=0.7412113407525122
Probability=0.36365000000000003
--------------------------------------------------
--------------------------------------------------
Simulating with r=1.4...
[('10 1', 16326), ('01 0', 17075), ('11 1', 6099), ('00 1', 6619), ('10 0', 17442), ('01 1', 7298), ('11 0', 19072), ('00 0', 10069)]
Our simulation...
[-0.42676793  0.44812329  0.67024793  0.40966127]
Ans should be...
[-0.05423261  0.3796283   0.59655876  0.70502399]
Fidelity=0.7777975637227699
Probability=0.36342
--------------------------------------------------
--------------------------------------------------
Simulating with r=1.5...
[('10 1', 19436), ('01 0', 18918), ('11 1', 7987), ('00 1', 9023), ('10 0', 15845), ('01 1', 4253), ('11 0', 16932), ('00 0', 7606)]
Our simulation...
[-0.47085112  0.32326287  0.69105335  0.44299617]
Ans should be...
[-0.05423261  0.3796283   0.59655876  0.70502399]
Fidelity=0.7618358339836789
Probability=0.40699
--------------------------------------------------
--------------------------------------------------
Simulating with r=1.6...
[('10 1', 21377), ('01 0', 14843), ('11 1', 10237), ('00 1', 10263), ('10 0', 14145), ('01 1', 5799), ('11 0', 13359), ('00 0', 9977)]
Our simulation...
[-0.46396718  0.34875998  0.66961238  0.4633791 ]
Ans should be...
[-0.05423261  0.3796283   0.59655876  0.70502399]
Fidelity=0.7809571972772942
Probability=0.47675999999999996
--------------------------------------------------
--------------------------------------------------
Simulating with r=1.7...
[('10 1', 22996), ('01 0', 9657), ('11 1', 9753), ('00 1', 9322), ('10 0', 11068), ('01 1', 7493), ('11 0', 13557), ('00 0', 16154)]
Our simulation...
[-0.43368198  0.3888165   0.68115034  0.44359428]
Ans should be...
[-0.05423261  0.3796283   0.59655876  0.70502399]
Fidelity=0.79248499881766
Probability=0.49564
--------------------------------------------------
--------------------------------------------------
Simulating with r=1.8...
[('10 1', 22864), ('01 0', 6979), ('11 1', 7600), ('00 1', 8595), ('10 0', 9488), ('01 1', 6897), ('11 0', 15964), ('00 0', 21613)]
Our simulation...
[-0.43246586  0.38739945  0.70535053  0.40666396]
Ans should be...
[-0.05423261  0.3796283   0.59655876  0.70502399]
Fidelity=0.7709058318605359
Probability=0.45955999999999997
--------------------------------------------------
--------------------------------------------------
Simulating with r=1.9...
[('10 1', 19388), ('01 0', 5736), ('11 1', 8260), ('00 1', 9720), ('10 0', 10981), ('01 1', 6130), ('11 0', 16685), ('00 0', 23100)]
Our simulation...
[-0.47271403  0.37540114  0.66762388  0.43576804]
Ans should be...
[-0.05423261  0.3796283   0.59655876  0.70502399]
Fidelity=0.7632699360668548
Probability=0.43498000000000003
--------------------------------------------------
--------------------------------------------------
Simulating with r=2.0...
[('10 1', 14000), ('01 0', 5431), ('11 1', 12396), ('00 1', 10918), ('10 0', 14154), ('01 1', 6012), ('11 0', 14324), ('00 0', 22765)]
Our simulation...
[-0.50199252  0.37250764  0.56844666  0.53489247]
Ans should be...
[-0.05423261  0.3796283   0.59655876  0.70502399]
Fidelity=0.7829819440716421
Probability=0.43326000000000003
--------------------------------------------------
--------------------------------------------------
Simulating with r=2.1...
[('10 1', 9707), ('01 0', 5988), ('11 1', 17557), ('00 1', 10185), ('10 0', 16665), ('01 1', 6588), ('11 0', 11481), ('00 0', 21829)]
Our simulation...
[-0.48091869  0.38678349  0.4694979   0.63141703]
Ans should be...
[-0.05423261  0.3796283   0.59655876  0.70502399]
Fidelity=0.8066961916385074
Probability=0.44037
--------------------------------------------------
--------------------------------------------------
Simulating with r=2.2...
[('10 1', 7525), ('01 0', 6684), ('11 1', 20571), ('00 1', 9514), ('10 0', 17322), ('01 1', 8156), ('11 0', 10319), ('00 0', 19909)]
Our simulation...
[-0.45594252  0.42215033  0.40549152  0.6704343 ]
Ans should be...
[-0.05423261  0.3796283   0.59655876  0.70502399]
Fidelity=0.8092062970356894
Probability=0.45765999999999996
--------------------------------------------------
--------------------------------------------------
Simulating with r=2.3...
[('10 1', 6970), ('01 0', 7136), ('11 1', 20519), ('00 1', 9603), ('10 0', 16735), ('01 1', 10650), ('11 0', 11839), ('00 0', 16548)]
Our simulation...
[-0.44849041  0.47230713  0.38209036  0.65558316]
Ans should be...
[-0.05423261  0.3796283   0.59655876  0.70502399]
Fidelity=0.7988161779210816
Probability=0.47742
--------------------------------------------------
--------------------------------------------------
Simulating with r=2.4...
[('10 1', 6952), ('01 0', 8612), ('11 1', 19229), ('00 1', 10315), ('10 0', 15866), ('01 1', 13197), ('11 0', 13928), ('00 0', 11901)]
Our simulation...
[-0.45560345  0.51533543  0.37403072  0.6220578 ]
Ans should be...
[-0.05423261  0.3796283   0.59655876  0.70502399]
Fidelity=0.7779971272102537
Probability=0.49693
--------------------------------------------------
--------------------------------------------------
Simulating with r=2.5...
[('10 1', 6838), ('01 0', 11141), ('11 1', 18113), ('00 1', 10359), ('10 0', 15057), ('01 1', 14630), ('11 0', 15427), ('00 0', 8435)]
Our simulation...
[-0.45544365  0.54124998  0.37003285  0.60224184]
Ans should be...
[-0.05423261  0.3796283   0.59655876  0.70502399]
Fidelity=0.7665265002801193
Probability=0.49940000000000007
--------------------------------------------------
--------------------------------------------------
Simulating with r=2.6...
[('10 1', 6435), ('01 0', 15554), ('11 1', 18011), ('00 1', 9184), ('10 0', 14709), ('01 1', 13986), ('11 0', 15839), ('00 0', 6282)]
Our simulation...
[-0.43917689  0.54196383  0.36761889  0.61502456]
Ans should be...
[-0.05423261  0.3796283   0.59655876  0.70502399]
Fidelity=0.7787636399625836
Probability=0.47616
--------------------------------------------------
--------------------------------------------------
Simulating with r=2.7...
[('10 1', 6334), ('01 0', 20517), ('11 1', 18688), ('00 1', 7471), ('10 0', 14385), ('01 1', 12248), ('11 0', 14677), ('00 0', 5680)]
Our simulation...
[-0.40863591  0.52321447  0.37625838  0.64629169]
Ans should be...
[-0.05423261  0.3796283   0.59655876  0.70502399]
Fidelity=0.811620432320747
Probability=0.44741
--------------------------------------------------
--------------------------------------------------
Simulating with r=2.8...
[('10 1', 6648), ('01 0', 24918), ('11 1', 19889), ('00 1', 5600), ('10 0', 13534), ('01 1', 10255), ('11 0', 13315), ('00 0', 5841)]
Our simulation...
[-0.36345618  0.4918423   0.39600763  0.68495891]
Ans should be...
[-0.05423261  0.3796283   0.59655876  0.70502399]
Fidelity=0.8567033714654881
Probability=0.42391999999999996
--------------------------------------------------
--------------------------------------------------
Simulating with r=2.9...
[('10 1', 7321), ('01 0', 28529), ('11 1', 20702), ('00 1', 4224), ('10 0', 12549), ('01 1', 8720), ('11 0', 12019), ('00 0', 5936)]
Our simulation...
[-0.32110338  0.4613613   0.42273492  0.71086817]
Ans should be...
[-0.05423261  0.3796283   0.59655876  0.70502399]
Fidelity=0.8947748913965848
Probability=0.40967
--------------------------------------------------
--------------------------------------------------
Simulating with r=3.0...
[('10 1', 7561), ('01 0', 30762), ('11 1', 20383), ('00 1', 3579), ('10 0', 12035), ('01 1', 7700), ('11 0', 11643), ('00 0', 6337)]
Our simulation...
[-0.30207198  0.44307267  0.43905529  0.72088111]
Ans should be...
[-0.05423261  0.3796283   0.59655876  0.70502399]
Fidelity=0.9115396089523643
Probability=0.39223
--------------------------------------------------
--------------------------------------------------
Simulating with r=3.1...
[('10 1', 8042), ('01 0', 31736), ('11 1', 19506), ('00 1', 3499), ('10 0', 11520), ('01 1', 7290), ('11 0', 12314), ('00 0', 6093)]
Our simulation...
[-0.30210848  0.43606849  0.4580079   0.71330464]
Ans should be...
[-0.05423261  0.3796283   0.59655876  0.70502399]
Fidelity=0.917866656816591
Probability=0.38337000000000004
--------------------------------------------------
--------------------------------------------------
Simulating with r=3.2...
[('10 1', 8494), ('01 0', 32070), ('11 1', 17674), ('00 1', 3795), ('10 0', 10721), ('01 1', 7483), ('11 0', 13526), ('00 0', 6237)]
Our simulation...
[-0.31834877  0.44702844  0.4762702   0.68701261]
Ans should be...
[-0.05423261  0.3796283   0.59655876  0.70502399]
Fidelity=0.9128905613558654
Probability=0.37446
--------------------------------------------------
--------------------------------------------------
Simulating with r=3.3...
[('10 1', 8925), ('01 0', 31410), ('11 1', 15742), ('00 1', 4244), ('10 0', 10766), ('01 1', 7838), ('11 0', 14614), ('00 0', 6461)]
Our simulation...
[-0.33983251  0.46182758  0.49281209  0.65449629]
Ans should be...
[-0.05423261  0.3796283   0.59655876  0.70502399]
Fidelity=0.9009422519148109
Probability=0.36749
--------------------------------------------------
--------------------------------------------------
Simulating with r=3.4...
[('10 1', 9180), ('01 0', 30338), ('11 1', 14516), ('00 1', 4918), ('10 0', 10298), ('01 1', 8448), ('11 0', 15435), ('00 0', 6867)]
Our simulation...
[-0.36427539  0.4774331   0.49768771  0.62583386]
Ans should be...
[-0.05423261  0.3796283   0.59655876  0.70502399]
Fidelity=0.8819662221607915
Probability=0.37062
--------------------------------------------------
--------------------------------------------------
Simulating with r=3.5...
[('10 1', 9724), ('01 0', 28744), ('11 1', 13509), ('00 1', 5255), ('10 0', 10308), ('01 1', 9405), ('11 0', 15853), ('00 0', 7202)]
Our simulation...
[-0.37239759  0.49819562  0.5065741   0.59707943]
Ans should be...
[-0.05423261  0.3796283   0.59655876  0.70502399]
Fidelity=0.8695222789189467
Probability=0.37893
--------------------------------------------------
--------------------------------------------------
Simulating with r=3.6...
[('10 1', 10044), ('01 0', 27398), ('11 1', 13033), ('00 1', 5706), ('10 0', 9954), ('01 1', 10377), ('11 0', 15789), ('00 0', 7699)]
Our simulation...
[-0.38171967  0.51477159  0.50644468  0.57690042]
Ans should be...
[-0.05423261  0.3796283   0.59655876  0.70502399]
Fidelity=0.8555808998220166
Probability=0.39160000000000006
--------------------------------------------------
--------------------------------------------------
Simulating with r=3.7...
[('10 1', 10403), ('01 0', 25190), ('11 1', 13259), ('00 1', 6256), ('10 0', 9996), ('01 1', 11294), ('11 0', 15409), ('00 0', 8193)]
Our simulation...
[-0.38961577  0.52349441  0.50242062  0.56720956]
Ans should be...
[-0.05423261  0.3796283   0.59655876  0.70502399]
Fidelity=0.8454488743458208
Probability=0.41212
--------------------------------------------------
--------------------------------------------------
Simulating with r=3.8...
[('10 1', 10835), ('01 0', 23595), ('11 1', 13707), ('00 1', 6736), ('10 0', 9889), ('01 1', 12225), ('11 0', 14356), ('00 0', 8657)]
Our simulation...
[-0.39349701  0.53010858  0.4990624   0.5613214 ]
Ans should be...
[-0.05423261  0.3796283   0.59655876  0.70502399]
Fidelity=0.8391470396426772
Probability=0.43503000000000003
--------------------------------------------------
--------------------------------------------------
Simulating with r=3.9...
[('10 1', 11134), ('01 0', 22110), ('11 1', 14533), ('00 1', 6861), ('10 0', 9886), ('01 1', 12479), ('11 0', 13614), ('00 0', 9383)]
Our simulation...
[-0.39043944  0.52656242  0.49737686  0.56824759]
Ans should be...
[-0.05423261  0.3796283   0.59655876  0.70502399]
Fidelity=0.8434865774364081
Probability=0.45006999999999997
--------------------------------------------------
--------------------------------------------------
Simulating with r=4.0...
[('10 1', 11194), ('01 0', 21000), ('11 1', 14879), ('00 1', 7013), ('10 0', 10174), ('01 1', 13027), ('11 0', 12699), ('00 0', 10014)]
Our simulation...
[-0.38997811  0.53150887  0.49269819  0.56803511]
Ans should be...
[-0.05423261  0.3796283   0.59655876  0.70502399]
Fidelity=0.8414890852917284
Probability=0.46113000000000004
--------------------------------------------------
--------------------------------------------------
Simulating with r=4.1...
[('10 1', 10954), ('01 0', 19805), ('11 1', 15402), ('00 1', 7177), ('10 0', 10616), ('01 1', 13297), ('11 0', 11971), ('00 0', 10778)]
Our simulation...
[-0.39147983  0.53286201  0.48364231  0.57349083]
Ans should be...
[-0.05423261  0.3796283   0.59655876  0.70502399]
Fidelity=0.8397272423532665
Probability=0.46830000000000005
--------------------------------------------------
--------------------------------------------------
Simulating with r=4.2...
[('10 1', 10987), ('01 0', 19221), ('11 1', 15372), ('00 1', 7114), ('10 0', 11175), ('01 1', 12981), ('11 0', 11385), ('00 0', 11765)]
Our simulation...
[-0.39133201  0.52861869  0.48632658  0.57524603]
Ans should be...
[-0.05423261  0.3796283   0.59655876  0.70502399]
Fidelity=0.8419644425964895
Probability=0.46453999999999995
--------------------------------------------------
--------------------------------------------------
Simulating with r=4.3...
[('10 1', 10859), ('01 0', 18548), ('11 1', 15482), ('00 1', 7081), ('10 0', 11671), ('01 1', 12609), ('11 0', 11294), ('00 0', 12456)]
Our simulation...
[-0.3922131   0.52337758  0.4857018   0.57994703]
Ans should be...
[-0.05423261  0.3796283   0.59655876  0.70502399]
Fidelity=0.8438000788797649
Probability=0.46031
--------------------------------------------------
--------------------------------------------------
Simulating with r=4.4...
[('10 1', 10368), ('01 0', 18606), ('11 1', 15097), ('00 1', 6835), ('10 0', 12375), ('01 1', 12247), ('11 0', 11435), ('00 0', 13037)]
Our simulation...
[-0.39170582  0.52433111  0.4824344   0.5821516 ]
Ans should be...
[-0.05423261  0.3796283   0.59655876  0.70502399]
Fidelity=0.8436890352361219
Probability=0.4454699999999999
--------------------------------------------------
--------------------------------------------------
Simulating with r=4.5...
[('10 1', 9756), ('01 0', 18210), ('11 1', 14760), ('00 1', 6553), ('10 0', 13142), ('01 1', 11639), ('11 0', 11830), ('00 0', 14110)]
Our simulation...
[-0.39171073  0.52203932  0.47794869  0.58787983]
Ans should be...
[-0.05423261  0.3796283   0.59655876  0.70502399]
Fidelity=0.8445945646031505
Probability=0.42708
--------------------------------------------------
--------------------------------------------------
Simulating with r=4.6...
[('10 1', 9011), ('01 0', 18634), ('11 1', 14118), ('00 1', 6138), ('10 0', 13824), ('01 1', 11155), ('11 0', 12228), ('00 0', 14892)]
Our simulation...
[-0.38967679  0.52532236  0.47214739  0.59098668]
Ans should be...
[-0.05423261  0.3796283   0.59655876  0.70502399]
Fidelity=0.8443475727522862
Probability=0.40421999999999997
--------------------------------------------------
--------------------------------------------------
Simulating with r=4.7...
[('10 1', 8555), ('01 0', 18672), ('11 1', 13154), ('00 1', 5644), ('10 0', 14781), ('01 1', 10337), ('11 0', 12862), ('00 0', 15995)]
Our simulation...
[-0.38697279  0.52370195  0.47642763  0.59076649]
Ans should be...
[-0.05423261  0.3796283   0.59655876  0.70502399]
Fidelity=0.8473575227740752
Probability=0.3769
--------------------------------------------------
--------------------------------------------------
Simulating with r=4.8...
[('10 1', 7914), ('01 0', 19004), ('11 1', 12303), ('00 1', 5299), ('10 0', 15815), ('01 1', 9344), ('11 0', 13565), ('00 0', 16756)]
Our simulation...
[-0.38988207  0.51772928  0.47646865  0.59407574]
Ans should be...
[-0.05423261  0.3796283   0.59655876  0.70502399]
Fidelity=0.8478140908347942
Probability=0.3486
--------------------------------------------------
--------------------------------------------------
Simulating with r=4.9...
[('10 1', 7154), ('01 0', 19270), ('11 1', 11420), ('00 1', 4989), ('10 0', 16635), ('01 1', 8792), ('11 0', 14394), ('00 0', 17346)]
Our simulation...
[-0.39267753  0.52128249  0.47022289  0.59410383]
Ans should be...
[-0.05423261  0.3796283   0.59655876  0.70502399]
Fidelity=0.843757154687587
Probability=0.32355
--------------------------------------------------
--------------------------------------------------
Simulating with r=5.0...
[('10 1', 6564), ('01 0', 19540), ('11 1', 10572), ('00 1', 4596), ('10 0', 17407), ('01 1', 8044), ('11 0', 15093), ('00 0', 18184)]
Our simulation...
[-0.39287721  0.51976     0.46951677  0.5958616 ]
Ans should be...
[-0.05423261  0.3796283   0.59655876  0.70502399]
Fidelity=0.8442181139535682
Probability=0.29776
--------------------------------------------------
--------------------------------------------------
Simulating with r=5.1...
[('10 1', 5985), ('01 0', 20079), ('11 1', 9576), ('00 1', 4141), ('10 0', 17944), ('01 1', 7228), ('11 0', 15912), ('00 0', 19135)]
Our simulation...
[-0.39213394  0.51807292  0.4714264   0.59631247]
Ans should be...
[-0.05423261  0.3796283   0.59655876  0.70502399]
Fidelity=0.8456452866027976
Probability=0.2693
--------------------------------------------------
--------------------------------------------------
Simulating with r=5.2...
[('10 1', 5342), ('01 0', 20724), ('11 1', 8626), ('00 1', 3667), ('10 0', 18934), ('01 1', 6441), ('11 0', 16812), ('00 0', 19454)]
Our simulation...
[-0.39026831  0.51723092  0.47104215  0.59856671]
Ans should be...
[-0.05423261  0.3796283   0.59655876  0.70502399]
Fidelity=0.8473736026562965
Probability=0.24076
--------------------------------------------------
--------------------------------------------------
Simulating with r=5.3...
[('10 1', 4691), ('01 0', 21136), ('11 1', 7937), ('00 1', 3380), ('10 0', 19538), ('01 1', 5653), ('11 0', 17531), ('00 0', 20134)]
Our simulation...
[-0.39502001  0.51085805  0.46536473  0.60532546]
Ans should be...
[-0.05423261  0.3796283   0.59655876  0.70502399]
Fidelity=0.8459318140321221
Probability=0.21661
--------------------------------------------------
--------------------------------------------------
Simulating with r=5.4...
[('10 1', 4157), ('01 0', 21347), ('11 1', 6966), ('00 1', 2959), ('10 0', 20144), ('01 1', 5251), ('11 0', 18362), ('00 0', 20814)]
Our simulation...
[-0.39122163  0.52116037  0.46370351  0.60026374]
Ans should be...
[-0.05423261  0.3796283   0.59655876  0.70502399]
Fidelity=0.8443605336835441
Probability=0.19333
--------------------------------------------------
--------------------------------------------------
Simulating with r=5.5...
[('10 1', 3933), ('01 0', 21697), ('11 1', 6271), ('00 1', 2668), ('10 0', 20458), ('01 1', 4644), ('11 0', 19176), ('00 0', 21153)]
Our simulation...
[-0.39027923  0.51490681  0.47385395  0.59834399]
Ans should be...
[-0.05423261  0.3796283   0.59655876  0.70502399]
Fidelity=0.8485498406037294
Probability=0.17516
--------------------------------------------------
--------------------------------------------------
Simulating with r=5.6...
[('10 1', 3327), ('01 0', 22087), ('11 1', 5697), ('00 1', 2375), ('10 0', 21325), ('01 1', 4009), ('11 0', 19695), ('00 0', 21485)]
Our simulation...
[-0.39260757  0.51008775  0.46467923  0.60806496]
Ans should be...
[-0.05423261  0.3796283   0.59655876  0.70502399]
Fidelity=0.8479550142617653
Probability=0.15408
--------------------------------------------------
--------------------------------------------------
Simulating with r=5.7...
[('10 1', 3036), ('01 0', 22464), ('11 1', 5066), ('00 1', 2153), ('10 0', 21601), ('01 1', 3674), ('11 0', 20157), ('00 0', 21849)]
Our simulation...
[-0.39315341  0.51358178  0.46686457  0.6030768 ]
Ans should be...
[-0.05423261  0.3796283   0.59655876  0.70502399]
Fidelity=0.8463773212497152
Probability=0.13929
--------------------------------------------------
--------------------------------------------------
Simulating with r=5.8...
[('10 1', 2572), ('01 0', 22441), ('11 1', 4461), ('00 1', 1901), ('10 0', 22179), ('01 1', 3187), ('11 0', 20847), ('00 0', 22412)]
Our simulation...
[-0.3960243   0.51276905  0.46064489  0.60666213]
Ans should be...
[-0.05423261  0.3796283   0.59655876  0.70502399]
Fidelity=0.8439218188294166
Probability=0.12121000000000001
--------------------------------------------------
--------------------------------------------------
Simulating with r=5.9...
[('10 1', 2357), ('01 0', 22999), ('11 1', 3972), ('00 1', 1671), ('10 0', 22187), ('01 1', 2738), ('11 0', 21364), ('00 0', 22712)]
Our simulation...
[-0.39448139  0.50495773  0.46850917  0.6081951 ]
Ans should be...
[-0.05423261  0.3796283   0.59655876  0.70502399]
Fidelity=0.8489326014405052
Probability=0.10738
--------------------------------------------------
--------------------------------------------------
Simulating with r=6.0...
[('10 1', 2023), ('01 0', 23088), ('11 1', 3501), ('00 1', 1516), ('10 0', 22590), ('01 1', 2563), ('11 0', 21943), ('00 0', 22776)]
Our simulation...
[-0.39732522  0.51661955  0.45898076  0.60379928]
Ans should be...
[-0.05423261  0.3796283   0.59655876  0.70502399]
Fidelity=0.841206963564493
Probability=0.09602999999999999
--------------------------------------------------
--------------------------------------------------
Simulating with r=6.1...
[('10 1', 1754), ('01 0', 23252), ('11 1', 2938), ('00 1', 1249), ('10 0', 22979), ('01 1', 2216), ('11 0', 22169), ('00 0', 23443)]
Our simulation...
[-0.39130553  0.52121829  0.46371331  0.60015118]
Ans should be...
[-0.05423261  0.3796283   0.59655876  0.70502399]
Fidelity=0.844274208657069
Probability=0.08157
--------------------------------------------------
--------------------------------------------------
Simulating with r=6.2...
[('10 1', 1545), ('01 0', 23567), ('11 1', 2682), ('00 1', 1115), ('10 0', 23077), ('01 1', 1998), ('11 0', 22506), ('00 0', 23510)]
Our simulation...
[-0.38975294  0.52173469  0.4587924   0.60447919]
Ans should be...
[-0.05423261  0.3796283   0.59655876  0.70502399]
Fidelity=0.8446924748758117
Probability=0.0734
--------------------------------------------------
--------------------------------------------------
Simulating with r=6.3...
[('10 1', 1361), ('01 0', 23801), ('11 1', 2432), ('00 1', 961), ('10 0', 23518), ('01 1', 1687), ('11 0', 22639), ('00 0', 23601)]
Our simulation...
[-0.38626472  0.51177715  0.45967662  0.6144763 ]
Ans should be...
[-0.05423261  0.3796283   0.59655876  0.70502399]
Fidelity=0.8513344675775466
Probability=0.06441000000000001
--------------------------------------------------
--------------------------------------------------
Simulating with r=6.4...
[('10 1', 1224), ('01 0', 24012), ('11 1', 2072), ('00 1', 863), ('10 0', 23548), ('01 1', 1518), ('11 0', 22919), ('00 0', 23844)]
Our simulation...
[-0.38989346  0.51710226  0.46433483  0.60413699]
Ans should be...
[-0.05423261  0.3796283   0.59655876  0.70502399]
Fidelity=0.8471097934402632
Probability=0.056769999999999994
--------------------------------------------------
--------------------------------------------------
Simulating with r=6.5...
[('10 1', 1025), ('01 0', 24273), ('11 1', 1788), ('00 1', 763), ('10 0', 23711), ('01 1', 1341), ('11 0', 23121), ('00 0', 23978)]
Our simulation...
[-0.39392375  0.52223297  0.45657469  0.60302269]
Ans should be...
[-0.05423261  0.3796283   0.59655876  0.70502399]
Fidelity=0.8411403099042856
Probability=0.04917
--------------------------------------------------
--------------------------------------------------
Simulating with r=6.6...
[('10 1', 935), ('01 0', 24148), ('11 1', 1572), ('00 1', 614), ('10 0', 23910), ('01 1', 1136), ('11 0', 23529), ('00 0', 24156)]
Our simulation...
[-0.37978024  0.51657971  0.46865578  0.6076793 ]
Ans should be...
[-0.05423261  0.3796283   0.59655876  0.70502399]
Fidelity=0.8550958892242884
Probability=0.042570000000000004
--------------------------------------------------
--------------------------------------------------
Simulating with r=6.7...
[('10 1', 795), ('01 0', 23995), ('11 1', 1416), ('00 1', 594), ('10 0', 24290), ('01 1', 1035), ('11 0', 23605), ('00 0', 24270)]
Our simulation...
[-0.39330332  0.51916399  0.45500687  0.60724789]
Ans should be...
[-0.05423261  0.3796283   0.59655876  0.70502399]
Fidelity=0.842690719128217
Probability=0.038400000000000004
--------------------------------------------------
--------------------------------------------------
Simulating with r=6.8...
[('10 1', 729), ('01 0', 24296), ('11 1', 1253), ('00 1', 519), ('10 0', 24068), ('01 1', 887), ('11 0', 23872), ('00 0', 24376)]
Our simulation...
[-0.39139203  0.51167018  0.46386549  0.60814037]
Ans should be...
[-0.05423261  0.3796283   0.59655876  0.70502399]
Fidelity=0.8481438658016994
Probability=0.03387999999999999
--------------------------------------------------
--------------------------------------------------
Simulating with r=6.9...
[('10 1', 635), ('01 0', 24205), ('11 1', 1050), ('00 1', 437), ('10 0', 24251), ('01 1', 762), ('11 0', 24007), ('00 0', 24653)]
Our simulation...
[-0.38926297  0.51401981  0.46923374  0.60338849]
Ans should be...
[-0.05423261  0.3796283   0.59655876  0.70502399]
Fidelity=0.8493024616025812
Probability=0.028839999999999998
--------------------------------------------------
--------------------------------------------------
Simulating with r=7.0...
[('10 1', 542), ('01 0', 24489), ('11 1', 909), ('00 1', 402), ('10 0', 24468), ('01 1', 653), ('11 0', 24260), ('00 0', 24277)]
Our simulation...
[-0.40051842  0.5104651   0.46506013  0.60227025]
Ans should be...
[-0.05423261  0.3796283   0.59655876  0.70502399]
Fidelity=0.8419141995581647
Probability=0.025060000000000002
--------------------------------------------------
--------------------------------------------------
Simulating with r=7.1...
[('10 1', 464), ('01 0', 24608), ('11 1', 821), ('00 1', 332), ('10 0', 24641), ('01 1', 590), ('11 0', 23988), ('00 0', 24556)]
Our simulation...
[-0.38785364  0.51704083  0.45851951  0.60991654]
Ans should be...
[-0.05423261  0.3796283   0.59655876  0.70502399]
Fidelity=0.8479781180762395
Probability=0.02207
--------------------------------------------------
--------------------------------------------------
Simulating with r=7.2...
[('10 1', 452), ('01 0', 24593), ('11 1', 714), ('00 1', 281), ('10 0', 24717), ('01 1', 482), ('11 0', 24277), ('00 0', 24484)]
Our simulation...
[-0.38166914  0.49987038  0.48406435  0.6083913 ]
Ans should be...
[-0.05423261  0.3796283   0.59655876  0.70502399]
Fidelity=0.8614942542814745
Probability=0.01929
--------------------------------------------------
--------------------------------------------------
Simulating with r=7.3...
[('10 1', 340), ('01 0', 24345), ('11 1', 599), ('00 1', 258), ('10 0', 24799), ('01 1', 403), ('11 0', 24511), ('00 0', 24745)]
Our simulation...
[-0.40155946  0.5018715   0.46097722  0.61186191]
Ans should be...
[-0.05423261  0.3796283   0.59655876  0.70502399]
Fidelity=0.8439721505109872
Probability=0.015999999999999997
--------------------------------------------------
--------------------------------------------------
Simulating with r=7.4...
[('10 1', 306), ('01 0', 24796), ('11 1', 538), ('00 1', 226), ('10 0', 24693), ('01 1', 378), ('11 0', 24469), ('00 0', 24594)]
Our simulation...
[-0.39506626  0.51093025  0.45970204  0.60954652]
Ans should be...
[-0.05423261  0.3796283   0.59655876  0.70502399]
Fidelity=0.8452471885197872
Probability=0.01448
--------------------------------------------------
--------------------------------------------------
Simulating with r=7.5...
[('10 1', 263), ('01 0', 24860), ('11 1', 442), ('00 1', 172), ('10 0', 24692), ('01 1', 321), ('11 0', 24576), ('00 0', 24674)]
Our simulation...
[-0.37890978  0.51763556  0.46854301  0.6074111 ]
Ans should be...
[-0.05423261  0.3796283   0.59655876  0.70502399]
Fidelity=0.8552757804764818
Probability=0.011980000000000001
--------------------------------------------------
--------------------------------------------------
Simulating with r=7.6...
[('10 1', 260), ('01 0', 24802), ('11 1', 439), ('00 1', 180), ('10 0', 24798), ('01 1', 265), ('11 0', 24373), ('00 0', 24883)]
Our simulation...
[-0.39666441  0.48129342  0.47673129  0.61946853]
Ans should be...
[-0.05423261  0.3796283   0.59655876  0.70502399]
Fidelity=0.8562969671847981
Probability=0.011439999999999999
--------------------------------------------------
--------------------------------------------------
Simulating with r=7.7...
[('10 1', 196), ('01 0', 24851), ('11 1', 352), ('00 1', 153), ('10 0', 24713), ('01 1', 238), ('11 0', 24742), ('00 0', 24755)]
Our simulation...
[-0.4036574   0.50344923  0.45687273  0.61226373]
Ans should be...
[-0.05423261  0.3796283   0.59655876  0.70502399]
Fidelity=0.8413054111649012
Probability=0.00939
--------------------------------------------------
--------------------------------------------------
Simulating with r=7.8...
[('10 1', 192), ('01 0', 25011), ('11 1', 291), ('00 1', 106), ('10 0', 24533), ('01 1', 236), ('11 0', 24734), ('00 0', 24897)]
Our simulation...
[-0.35844783  0.53484634  0.48241815  0.59390847]
Ans should be...
[-0.05423261  0.3796283   0.59655876  0.70502399]
Fidelity=0.863027739297047
Probability=0.00825
--------------------------------------------------
--------------------------------------------------
Simulating with r=7.9...
[('10 1', 177), ('01 0', 24762), ('11 1', 280), ('00 1', 104), ('10 0', 25137), ('01 1', 189), ('11 0', 24804), ('00 0', 24547)]
Our simulation...
[-0.37237973  0.50199602  0.48579831  0.61101009]
Ans should be...
[-0.05423261  0.3796283   0.59655876  0.70502399]
Fidelity=0.8674147441458513
Probability=0.007500000000000001
--------------------------------------------------
--------------------------------------------------
Simulating with r=8.0...
[('10 1', 136), ('01 0', 24541), ('11 1', 233), ('00 1', 98), ('10 0', 25094), ('01 1', 174), ('11 0', 24712), ('00 0', 25012)]
Our simulation...
[-0.39100654  0.52100946  0.46061751  0.60290508]
Ans should be...
[-0.05423261  0.3796283   0.59655876  0.70502399]
Fidelity=0.8442728215434707
Probability=0.006410000000000001
--------------------------------------------------
--------------------------------------------------
Simulating with r=8.1...
[('10 1', 128), ('01 0', 24802), ('11 1', 212), ('00 1', 76), ('10 0', 25027), ('01 1', 157), ('11 0', 24817), ('00 0', 24781)]
Our simulation...
[-0.36419123  0.52344676  0.47263695  0.60826191]
Ans should be...
[-0.05423261  0.3796283   0.59655876  0.70502399]
Fidelity=0.8635263710433642
Probability=0.005730000000000001
--------------------------------------------------
--------------------------------------------------
Simulating with r=8.2...
[('10 1', 102), ('01 0', 25033), ('11 1', 159), ('00 1', 69), ('10 0', 24744), ('01 1', 131), ('11 0', 24839), ('00 0', 24923)]
Our simulation...
[-0.38687804  0.53307116  0.47038084  0.58728391]
Ans should be...
[-0.05423261  0.3796283   0.59655876  0.70502399]
Fidelity=0.8427411798156318
Probability=0.00461
--------------------------------------------------
--------------------------------------------------
Simulating with r=8.3...
[('10 1', 83), ('01 0', 24668), ('11 1', 154), ('00 1', 84), ('10 0', 24865), ('01 1', 115), ('11 0', 24985), ('00 0', 25046)]
Our simulation...
[-0.43893115  0.51357713  0.43631064  0.59431558]
Ans should be...
[-0.05423261  0.3796283   0.59655876  0.70502399]
Fidelity=0.8065197920520251
Probability=0.004359999999999999
--------------------------------------------------
--------------------------------------------------
Simulating with r=8.4...
[('10 1', 88), ('01 0', 24799), ('11 1', 125), ('00 1', 62), ('10 0', 24811), ('01 1', 107), ('11 0', 24935), ('00 0', 25073)]
Our simulation...
[-0.40286929  0.5292492   0.47996509  0.57203595]
Ans should be...
[-0.05423261  0.3796283   0.59655876  0.70502399]
Fidelity=0.8324611287134799
Probability=0.0038199999999999996
--------------------------------------------------
--------------------------------------------------
Simulating with r=8.5...
[('10 1', 77), ('01 0', 24738), ('11 1', 136), ('00 1', 51), ('10 0', 24815), ('01 1', 83), ('11 0', 25125), ('00 0', 24975)]
Our simulation...
[-0.38337196  0.4890737   0.47106477  0.6260438 ]
Ans should be...
[-0.05423261  0.3796283   0.59655876  0.70502399]
Fidelity=0.8627645340274747
Probability=0.00347
--------------------------------------------------
--------------------------------------------------
Simulating with r=8.6...
[('10 1', 88), ('01 0', 24986), ('11 1', 104), ('00 1', 42), ('10 0', 25033), ('01 1', 76), ('11 0', 24895), ('00 0', 24776)]
Our simulation...
[-0.36808134  0.49513765  0.53279543  0.5792097 ]
Ans should be...
[-0.05423261  0.3796283   0.59655876  0.70502399]
Fidelity=0.8726003246356397
Probability=0.0031000000000000003
--------------------------------------------------
--------------------------------------------------
Simulating with r=8.7...
[('10 1', 44), ('01 0', 24997), ('11 1', 100), ('00 1', 34), ('10 0', 24925), ('01 1', 63), ('11 0', 24919), ('00 0', 24918)]
Our simulation...
[-0.37560463  0.51128347  0.42728517  0.64415663]
Ans should be...
[-0.05423261  0.3796283   0.59655876  0.70502399]
Fidelity=0.8528786244883353
Probability=0.0024100000000000002
--------------------------------------------------
--------------------------------------------------
Simulating with r=8.8...
[('10 1', 47), ('01 0', 24935), ('11 1', 82), ('00 1', 29), ('10 0', 25092), ('01 1', 51), ('11 0', 24900), ('00 0', 24864)]
Our simulation...
[-0.37249964  0.49398293  0.47421554  0.62637409]
Ans should be...
[-0.05423261  0.3796283   0.59655876  0.70502399]
Fidelity=0.8690671762493594
Probability=0.00209
--------------------------------------------------
--------------------------------------------------
Simulating with r=8.9...
[('10 1', 33), ('01 0', 24802), ('11 1', 60), ('00 1', 20), ('10 0', 24998), ('01 1', 40), ('11 0', 25239), ('00 0', 24808)]
Our simulation...
[-0.36155076  0.51130999  0.46442036  0.62622429]
Ans should be...
[-0.05423261  0.3796283   0.59655876  0.70502399]
Fidelity=0.8691325177397276
Probability=0.00153
--------------------------------------------------
--------------------------------------------------
Simulating with r=9.0...
[('10 1', 36), ('01 0', 24810), ('11 1', 78), ('00 1', 34), ('10 0', 24968), ('01 1', 46), ('11 0', 24877), ('00 0', 25151)]
Our simulation...
[-0.41863795  0.48694291  0.4307749   0.63408348]
Ans should be...
[-0.05423261  0.3796283   0.59655876  0.70502399]
Fidelity=0.8309922082928651
Probability=0.0019399999999999999
--------------------------------------------------
--------------------------------------------------
Simulating with r=9.1...
[('10 1', 29), ('01 0', 24886), ('11 1', 52), ('00 1', 28), ('10 0', 25113), ('01 1', 37), ('11 0', 24833), ('00 0', 25022)]
Our simulation...
[-0.43792787  0.50341301  0.44567941  0.59679509]
Ans should be...
[-0.05423261  0.3796283   0.59655876  0.70502399]
Fidelity=0.8126817169759623
Probability=0.00146
--------------------------------------------------
--------------------------------------------------
Simulating with r=9.2...
[('10 1', 11), ('01 0', 25037), ('11 1', 50), ('00 1', 15), ('10 0', 24966), ('01 1', 28), ('11 0', 24794), ('00 0', 25099)]
Our simulation...
[-0.37977726  0.51887452  0.32522182  0.69337525]
Ans should be...
[-0.05423261  0.3796283   0.59655876  0.70502399]
Fidelity=0.8107847589006523
Probability=0.00104
--------------------------------------------------
--------------------------------------------------
Simulating with r=9.3...
[('10 1', 19), ('01 0', 24817), ('11 1', 51), ('00 1', 26), ('10 0', 24915), ('01 1', 22), ('11 0', 25140), ('00 0', 25010)]
Our simulation...
[-0.46940279  0.43178777  0.40126917  0.65742177]
Ans should be...
[-0.05423261  0.3796283   0.59655876  0.70502399]
Fidelity=0.7961181986920851
Probability=0.00118
--------------------------------------------------
--------------------------------------------------
Simulating with r=9.4...
[('10 1', 22), ('01 0', 24960), ('11 1', 27), ('00 1', 17), ('10 0', 25197), ('01 1', 27), ('11 0', 24788), ('00 0', 24962)]
Our simulation...
[-0.42754614  0.53881591  0.48637346  0.53881591]
Ans should be...
[-0.05423261  0.3796283   0.59655876  0.70502399]
Fidelity=0.8059823484146904
Probability=0.00093
--------------------------------------------------
--------------------------------------------------
Simulating with r=9.5...
[('10 1', 21), ('01 0', 24992), ('11 1', 31), ('00 1', 10), ('10 0', 24791), ('01 1', 21), ('11 0', 24918), ('00 0', 25216)]
Our simulation...
[-0.34710507  0.50300303  0.50300303  0.61114154]
Ans should be...
[-0.05423261  0.3796283   0.59655876  0.70502399]
Fidelity=0.8849520613330951
Probability=0.0008300000000000001
--------------------------------------------------
--------------------------------------------------
Simulating with r=9.6...
[('10 1', 13), ('01 0', 24983), ('11 1', 34), ('00 1', 7), ('10 0', 24721), ('01 1', 21), ('11 0', 25122), ('00 0', 25099)]
Our simulation...
[-0.30550505  0.52915026  0.4163332   0.67330033]
Ans should be...
[-0.05423261  0.3796283   0.59655876  0.70502399]
Fidelity=0.8845569020753935
Probability=0.00075
--------------------------------------------------
--------------------------------------------------
Simulating with r=9.7...
[('10 1', 10), ('01 0', 25053), ('11 1', 31), ('00 1', 11), ('10 0', 25092), ('01 1', 25), ('11 0', 25043), ('00 0', 24735)]
Our simulation...
[-0.37796447  0.56980288  0.36037499  0.63450564]
Ans should be...
[-0.05423261  0.3796283   0.59655876  0.70502399]
Fidelity=0.8084488728414767
Probability=0.00077
--------------------------------------------------
--------------------------------------------------
Simulating with r=9.8...
[('10 1', 11), ('01 0', 25321), ('11 1', 21), ('00 1', 10), ('10 0', 24821), ('01 1', 21), ('11 0', 24985), ('00 0', 24810)]
Our simulation...
[-0.39840954  0.57735027  0.41785545  0.57735027]
Ans should be...
[-0.05423261  0.3796283   0.59655876  0.70502399]
Fidelity=0.8047999086842251
Probability=0.00063
--------------------------------------------------
--------------------------------------------------
Simulating with r=9.9...
[('10 1', 13), ('01 0', 25337), ('11 1', 19), ('00 1', 6), ('10 0', 24453), ('01 1', 10), ('11 0', 24974), ('00 0', 25188)]
Our simulation...
[-0.35355339  0.45643546  0.5204165   0.62915287]
Ans should be...
[-0.05423261  0.3796283   0.59655876  0.70502399]
Fidelity=0.8958183920007611
Probability=0.00047999999999999996
--------------------------------------------------
--------------------------------------------------
Simulating with r=10.0...
[('10 1', 11), ('01 0', 25242), ('11 1', 19), ('00 1', 5), ('10 0', 25158), ('01 1', 10), ('11 0', 24896), ('00 0', 24659)]
Our simulation...
[-0.33333333  0.47140452  0.49441323  0.64978629]
Ans should be...
[-0.05423261  0.3796283   0.59655876  0.70502399]
Fidelity=0.9026852617269794
Probability=0.00045000000000000004
--------------------------------------------------
**************************************************
Max fidelity is 0.917866656816591, when r=3.1
Min fidelity is 0.6032024192969161, when r=1.1
Choosing proper r=3.1, with fidelity=0.917866656816591 and probability=0.38337000000000004.
