--------------------------------------------------
Simulating with r=1.0...
Our simulation...
[-0.39822152  0.44098084  0.4987731   0.63101578]
Ans should be...
[-0.05423261  0.3796283   0.59655876  0.70502399]
Fidelity=0.8675695287112813
--------------------------------------------------
--------------------------------------------------
Simulating with r=1.1...
Our simulation...
[-0.46330573  0.42587048  0.65579738  0.4170275 ]
Ans should be...
[-0.05423261  0.3796283   0.59655876  0.70502399]
Fidelity=0.7604447384112383
--------------------------------------------------
--------------------------------------------------
Simulating with r=1.2...
Our simulation...
[-0.41489355  0.48261525  0.62455849  0.45262849]
Ans should be...
[-0.05423261  0.3796283   0.59655876  0.70502399]
Fidelity=0.8053535976294582
--------------------------------------------------
--------------------------------------------------
Simulating with r=1.3...
Our simulation...
[-0.49282553  0.42407128  0.60749682  0.45632681]
Ans should be...
[-0.05423261  0.3796283   0.59655876  0.70502399]
Fidelity=0.7601147031454074
--------------------------------------------------
--------------------------------------------------
Simulating with r=1.4...
Our simulation...
[-0.516053    0.4155681   0.51862045  0.54039364]
Ans should be...
[-0.05423261  0.3796283   0.59655876  0.70502399]
Fidelity=0.7675974074671589
--------------------------------------------------
--------------------------------------------------
Simulating with r=1.5...
Our simulation...
[-0.42279324  0.53055122  0.4673734   0.56685393]
Ans should be...
[-0.05423261  0.3796283   0.59655876  0.70502399]
Fidelity=0.8150528199309964
--------------------------------------------------
--------------------------------------------------
Simulating with r=1.6...
Our simulation...
[-0.45771925  0.53051916  0.49890388  0.5100367 ]
Ans should be...
[-0.05423261  0.3796283   0.59655876  0.70502399]
Fidelity=0.7804609037396256
--------------------------------------------------
--------------------------------------------------
Simulating with r=1.7...
Our simulation...
[-0.48658577  0.51251581  0.51031865  0.49003746]
Ans should be...
[-0.05423261  0.3796283   0.59655876  0.70502399]
Fidelity=0.7584277002390161
--------------------------------------------------
--------------------------------------------------
Simulating with r=1.8...
Our simulation...
[-0.44607786  0.56880637  0.49370617  0.48345432]
Ans should be...
[-0.05423261  0.3796283   0.59655876  0.70502399]
Fidelity=0.7664977904967358
--------------------------------------------------
--------------------------------------------------
Simulating with r=1.9...
Our simulation...
[-0.38238893  0.64700188  0.46440974  0.46849853]
Ans should be...
[-0.05423261  0.3796283   0.59655876  0.70502399]
Fidelity=0.7633666746641111
--------------------------------------------------
--------------------------------------------------
Simulating with r=2.0...
Our simulation...
[-0.47909647  0.58213777  0.47445891  0.45439073]
Ans should be...
[-0.05423261  0.3796283   0.59655876  0.70502399]
Fidelity=0.7231420725092805
--------------------------------------------------
--------------------------------------------------
Simulating with r=2.1...
Our simulation...
[-0.61271262  0.43182483  0.4999592   0.43376418]
Ans should be...
[-0.05423261  0.3796283   0.59655876  0.70502399]
Fidelity=0.6419713117767227
--------------------------------------------------
--------------------------------------------------
Simulating with r=2.2...
Our simulation...
[-0.6673339   0.33684649  0.51591382  0.41836926]
Ans should be...
[-0.05423261  0.3796283   0.59655876  0.70502399]
Fidelity=0.5879837636301701
--------------------------------------------------
--------------------------------------------------
Simulating with r=2.3...
Our simulation...
[-0.64816453  0.33604262  0.52634708  0.43579451]
Ans should be...
[-0.05423261  0.3796283   0.59655876  0.70502399]
Fidelity=0.6146018900210682
--------------------------------------------------
--------------------------------------------------
Simulating with r=2.4...
Our simulation...
[-0.57187018  0.39101469  0.53480762  0.48379006]
Ans should be...
[-0.05423261  0.3796283   0.59655876  0.70502399]
Fidelity=0.7048979722837104
--------------------------------------------------
--------------------------------------------------
Simulating with r=2.5...
Our simulation...
[-0.50386768  0.4283932   0.53459056  0.52612694]
Ans should be...
[-0.05423261  0.3796283   0.59655876  0.70502399]
Fidelity=0.7740533881283741
--------------------------------------------------
--------------------------------------------------
Simulating with r=2.6...
Our simulation...
[-0.46092599  0.44839747  0.54144148  0.5415977 ]
Ans should be...
[-0.05423261  0.3796283   0.59655876  0.70502399]
Fidelity=0.8101127159712062
--------------------------------------------------
--------------------------------------------------
Simulating with r=2.7...
Our simulation...
[-0.44989432  0.45675001  0.544268    0.54106088]
Ans should be...
[-0.05423261  0.3796283   0.59655876  0.70502399]
Fidelity=0.8171127943701927
--------------------------------------------------
--------------------------------------------------
Simulating with r=2.8...
Our simulation...
[-0.46394111  0.46330548  0.54075926  0.52695929]
Ans should be...
[-0.05423261  0.3796283   0.59655876  0.70502399]
Fidelity=0.8013082575343291
--------------------------------------------------
--------------------------------------------------
Simulating with r=2.9...
Our simulation...
[-0.47347775  0.49894176  0.52028307  0.50614372]
Ans should be...
[-0.05423261  0.3796283   0.59655876  0.70502399]
Fidelity=0.7784766480953814
--------------------------------------------------
--------------------------------------------------
Simulating with r=3.0...
Our simulation...
[-0.46528966  0.54300656  0.49326088  0.49532122]
Ans should be...
[-0.05423261  0.3796283   0.59655876  0.70502399]
Fidelity=0.7653572299217739
--------------------------------------------------
--------------------------------------------------
Simulating with r=3.1...
Our simulation...
[-0.44027811  0.57918978  0.47086469  0.49897978]
Ans should be...
[-0.05423261  0.3796283   0.59655876  0.70502399]
Fidelity=0.7681566039929043
--------------------------------------------------
--------------------------------------------------
Simulating with r=3.2...
Our simulation...
[-0.42380249  0.60649962  0.44567852  0.50390507]
Ans should be...
[-0.05423261  0.3796283   0.59655876  0.70502399]
Fidelity=0.764517513924492
--------------------------------------------------
--------------------------------------------------
Simulating with r=3.3...
Our simulation...
[-0.41573971  0.61787898  0.43576746  0.50546294]
Ans should be...
[-0.05423261  0.3796283   0.59655876  0.70502399]
Fidelity=0.7628893826257235
--------------------------------------------------
--------------------------------------------------
Simulating with r=3.4...
Our simulation...
[-0.42568866  0.62085678  0.4349808   0.4940827 ]
Ans should be...
[-0.05423261  0.3796283   0.59655876  0.70502399]
Fidelity=0.7510177143738708
--------------------------------------------------
--------------------------------------------------
Simulating with r=3.5...
Our simulation...
[-0.44265111  0.61951729  0.43481642  0.48082533]
Ans should be...
[-0.05423261  0.3796283   0.59655876  0.70502399]
Fidelity=0.735442363507221
--------------------------------------------------
--------------------------------------------------
Simulating with r=3.6...
Our simulation...
[-0.47113449  0.61076853  0.43240339  0.46692763]
Ans should be...
[-0.05423261  0.3796283   0.59655876  0.70502399]
Fidelity=0.713290178306081
--------------------------------------------------
--------------------------------------------------
Simulating with r=3.7...
Our simulation...
[-0.50539059  0.59642676  0.43824069  0.4436221 ]
Ans should be...
[-0.05423261  0.3796283   0.59655876  0.70502399]
Fidelity=0.685633143898201
--------------------------------------------------
--------------------------------------------------
Simulating with r=3.8...
Our simulation...
[-0.5340978   0.56908779  0.44705301  0.43706091]
Ans should be...
[-0.05423261  0.3796283   0.59655876  0.70502399]
Fidelity=0.6721362538795373
--------------------------------------------------
--------------------------------------------------
Simulating with r=3.9...
Our simulation...
[-0.55493313  0.54569672  0.45546441  0.43222272]
Ans should be...
[-0.05423261  0.3796283   0.59655876  0.70502399]
Fidelity=0.6621012864169064
--------------------------------------------------
--------------------------------------------------
Simulating with r=4.0...
Our simulation...
[-0.57966334  0.51352583  0.4654344   0.42854691]
Ans should be...
[-0.05423261  0.3796283   0.59655876  0.70502399]
Fidelity=0.6499268656400665
--------------------------------------------------
--------------------------------------------------
Simulating with r=4.1...
Our simulation...
[-0.59261763  0.48941297  0.47396908  0.42968896]
Ans should be...
[-0.05423261  0.3796283   0.59655876  0.70502399]
Fidelity=0.6458141795036972
--------------------------------------------------
--------------------------------------------------
Simulating with r=4.2...
Our simulation...
[-0.60361002  0.46330083  0.48179495  0.43460432]
Ans should be...
[-0.05423261  0.3796283   0.59655876  0.70502399]
Fidelity=0.6439146388230761
--------------------------------------------------
--------------------------------------------------
Simulating with r=4.3...
Our simulation...
[-0.61111965  0.44169574  0.48435489  0.44366426]
Ans should be...
[-0.05423261  0.3796283   0.59655876  0.70502399]
Fidelity=0.6441072463408591
--------------------------------------------------
--------------------------------------------------
Simulating with r=4.4...
Our simulation...
[-0.61550958  0.42735682  0.48795822  0.44767274]
Ans should be...
[-0.05423261  0.3796283   0.59655876  0.70502399]
Fidelity=0.6437385788405856
--------------------------------------------------
--------------------------------------------------
Simulating with r=4.5...
Our simulation...
[-0.61781776  0.41245023  0.49233548  0.45364281]
Ans should be...
[-0.05423261  0.3796283   0.59655876  0.70502399]
Fidelity=0.645804716339979
--------------------------------------------------
--------------------------------------------------
Simulating with r=4.6...
Our simulation...
[-0.62169978  0.39969443  0.49279273  0.4592266 ]
Ans should be...
[-0.05423261  0.3796283   0.59655876  0.70502399]
Fidelity=0.6451259203037116
--------------------------------------------------
--------------------------------------------------
Simulating with r=4.7...
Our simulation...
[-0.61982912  0.39041336  0.49569167  0.46656086]
Ans should be...
[-0.05423261  0.3796283   0.59655876  0.70502399]
Fidelity=0.6503982522436145
--------------------------------------------------
--------------------------------------------------
Simulating with r=4.8...
Our simulation...
[-0.62441006  0.3771493   0.5008834   0.46581788]
Ans should be...
[-0.05423261  0.3796283   0.59655876  0.70502399]
Fidelity=0.6468327032110303
--------------------------------------------------
--------------------------------------------------
Simulating with r=4.9...
Our simulation...
[-0.62091628  0.3757847   0.50462834  0.46754579]
Ans should be...
[-0.05423261  0.3796283   0.59655876  0.70502399]
Fidelity=0.6512552595072213
--------------------------------------------------
--------------------------------------------------
Simulating with r=5.0...
Our simulation...
[-0.62175363  0.36628702  0.50660942  0.47180837]
Ans should be...
[-0.05423261  0.3796283   0.59655876  0.70502399]
Fidelity=0.6522674320174772
--------------------------------------------------
--------------------------------------------------
Simulating with r=5.1...
Our simulation...
[-0.62251543  0.36553443  0.50317905  0.47504732]
Ans should be...
[-0.05423261  0.3796283   0.59655876  0.70502399]
Fidelity=0.6522556869980003
--------------------------------------------------
--------------------------------------------------
Simulating with r=5.2...
Our simulation...
[-0.62183868  0.35843779  0.50543227  0.47893344]
Ans should be...
[-0.05423261  0.3796283   0.59655876  0.70502399]
Fidelity=0.6544432576028301
--------------------------------------------------
--------------------------------------------------
Simulating with r=5.3...
Our simulation...
[-0.62468608  0.35694706  0.49957882  0.48246979]
Ans should be...
[-0.05423261  0.3796283   0.59655876  0.70502399]
Fidelity=0.6521635897171294
--------------------------------------------------
--------------------------------------------------
Simulating with r=5.4...
Our simulation...
[-0.61997772  0.35495055  0.50289809  0.48655036]
Ans should be...
[-0.05423261  0.3796283   0.59655876  0.70502399]
Fidelity=0.6583865476822277
--------------------------------------------------
--------------------------------------------------
Simulating with r=5.5...
Our simulation...
[-0.61879325  0.35168802  0.5064765   0.48671553]
Ans should be...
[-0.05423261  0.3796283   0.59655876  0.70502399]
Fidelity=0.6599265174104998
--------------------------------------------------
--------------------------------------------------
Simulating with r=5.6...
Our simulation...
[-0.62063694  0.35147801  0.50602557  0.48498569]
Ans should be...
[-0.05423261  0.3796283   0.59655876  0.70502399]
Fidelity=0.6575430657369127
--------------------------------------------------
--------------------------------------------------
Simulating with r=5.7...
Our simulation...
[-0.62296367  0.33821792  0.50665047  0.49074454]
Ans should be...
[-0.05423261  0.3796283   0.59655876  0.70502399]
Fidelity=0.6567732684744115
--------------------------------------------------
--------------------------------------------------
Simulating with r=5.8...
Our simulation...
[-0.62152577  0.34208579  0.50949587  0.48692606]
Ans should be...
[-0.05423261  0.3796283   0.59655876  0.70502399]
Fidelity=0.6574147891730152
--------------------------------------------------
--------------------------------------------------
Simulating with r=5.9...
Our simulation...
[-0.62239431  0.33476608  0.50837764  0.4920459 ]
Ans should be...
[-0.05423261  0.3796283   0.59655876  0.70502399]
Fidelity=0.6577567630894181
--------------------------------------------------
--------------------------------------------------
Simulating with r=6.0...
Our simulation...
[-0.62315616  0.33864273  0.50576328  0.49112219]
Ans should be...
[-0.05423261  0.3796283   0.59655876  0.70502399]
Fidelity=0.6566252924742378
--------------------------------------------------
--------------------------------------------------
Simulating with r=6.1...
Our simulation...
[-0.6298934   0.33449091  0.50065771  0.4906037 ]
Ans should be...
[-0.05423261  0.3796283   0.59655876  0.70502399]
Fidelity=0.6491558727840174
--------------------------------------------------
--------------------------------------------------
Simulating with r=6.2...
Our simulation...
[-0.61202561  0.35546612  0.51167198  0.4870937 ]
Ans should be...
[-0.05423261  0.3796283   0.59655876  0.70502399]
Fidelity=0.6671490024431342
--------------------------------------------------
--------------------------------------------------
Simulating with r=6.3...
Our simulation...
[-0.60671155  0.35491409  0.5097891   0.49603644]
Ans should be...
[-0.05423261  0.3796283   0.59655876  0.70502399]
Fidelity=0.6748223746452456
--------------------------------------------------
--------------------------------------------------
Simulating with r=6.4...
Our simulation...
[-0.61816002  0.34638585  0.50272901  0.49513491]
Ans should be...
[-0.05423261  0.3796283   0.59655876  0.70502399]
Fidelity=0.6626150272600424
--------------------------------------------------
--------------------------------------------------
Simulating with r=6.5...
Our simulation...
[-0.61857839  0.34455346  0.50716897  0.49134848]
Ans should be...
[-0.05423261  0.3796283   0.59655876  0.70502399]
Fidelity=0.6614860443620227
--------------------------------------------------
--------------------------------------------------
Simulating with r=6.6...
Our simulation...
[-0.60984901  0.3307532   0.50774123  0.51076936]
Ans should be...
[-0.05423261  0.3796283   0.59655876  0.70502399]
Fidelity=0.6750908338854038
--------------------------------------------------
--------------------------------------------------
Simulating with r=6.7...
Our simulation...
[-0.62288631  0.34230976  0.50643904  0.48821733]
Ans should be...
[-0.05423261  0.3796283   0.59655876  0.70502399]
Fidelity=0.656192029693048
--------------------------------------------------
--------------------------------------------------
Simulating with r=6.8...
Our simulation...
[-0.60689571  0.34261522  0.50813439  0.50605518]
Ans should be...
[-0.05423261  0.3796283   0.59655876  0.70502399]
Fidelity=0.6771529584131477
--------------------------------------------------
--------------------------------------------------
Simulating with r=6.9...
Our simulation...
[-0.62753529  0.32422414  0.50362567  0.49743276]
Ans should be...
[-0.05423261  0.3796283   0.59655876  0.70502399]
Fidelity=0.6532872554109201
--------------------------------------------------
--------------------------------------------------
Simulating with r=7.0...
Our simulation...
[-0.61571833  0.32509009  0.51610023  0.4988466 ]
Ans should be...
[-0.05423261  0.3796283   0.59655876  0.70502399]
Fidelity=0.6664899228101203
--------------------------------------------------
--------------------------------------------------
Simulating with r=7.1...
Our simulation...
[-0.61935428  0.34673099  0.50363515  0.49247288]
Ans should be...
[-0.05423261  0.3796283   0.59655876  0.70502399]
Fidelity=0.6607596692936641
--------------------------------------------------
--------------------------------------------------
Simulating with r=7.2...
Our simulation...
[-0.60994668  0.34858969  0.50999172  0.49634536]
Ans should be...
[-0.05423261  0.3796283   0.59655876  0.70502399]
Fidelity=0.671726011704661
--------------------------------------------------
--------------------------------------------------
Simulating with r=7.3...
Our simulation...
[-0.6168616   0.31743937  0.52982089  0.48785637]
Ans should be...
[-0.05423261  0.3796283   0.59655876  0.70502399]
Fidelity=0.6625678714898559
--------------------------------------------------
--------------------------------------------------
Simulating with r=7.4...
Our simulation...
[-0.61442915  0.34008439  0.49382438  0.51279323]
Ans should be...
[-0.05423261  0.3796283   0.59655876  0.70502399]
Fidelity=0.6700315519076985
--------------------------------------------------
--------------------------------------------------
Simulating with r=7.5...
Our simulation...
[-0.6071628   0.34820861  0.52143286  0.48806954]
Ans should be...
[-0.05423261  0.3796283   0.59655876  0.70502399]
Fidelity=0.672865745186087
--------------------------------------------------
--------------------------------------------------
Simulating with r=7.6...
Our simulation...
[-0.62788337  0.33636476  0.51744005  0.474212  ]
Ans should be...
[-0.05423261  0.3796283   0.59655876  0.70502399]
Fidelity=0.647637959004526
--------------------------------------------------
--------------------------------------------------
Simulating with r=7.7...
Our simulation...
[-0.62187731  0.33894945  0.49919028  0.49919028]
Ans should be...
[-0.05423261  0.3796283   0.59655876  0.70502399]
Fidelity=0.6595686134363969
--------------------------------------------------
--------------------------------------------------
Simulating with r=7.8...
Our simulation...
[-0.61218983  0.34877757  0.50842631  0.49505606]
Ans should be...
[-0.05423261  0.3796283   0.59655876  0.70502399]
Fidelity=0.6690243061409785
--------------------------------------------------
--------------------------------------------------
Simulating with r=7.9...
Our simulation...
[-0.60240767  0.33026107  0.52559369  0.50178072]
Ans should be...
[-0.05423261  0.3796283   0.59655876  0.70502399]
Fidelity=0.681221700872893
--------------------------------------------------
--------------------------------------------------
Simulating with r=8.0...
Our simulation...
[-0.61323571  0.32434475  0.52736483  0.49053927]
Ans should be...
[-0.05423261  0.3796283   0.59655876  0.70502399]
Fidelity=0.667217596349318
--------------------------------------------------
--------------------------------------------------
Simulating with r=8.1...
Our simulation...
[-0.61897988  0.33529992  0.50441835  0.5       ]
Ans should be...
[-0.05423261  0.3796283   0.59655876  0.70502399]
Fidelity=0.6630607346655296
--------------------------------------------------
--------------------------------------------------
Simulating with r=8.2...
Our simulation...
[-0.60219379  0.34767675  0.53305199  0.48201565]
Ans should be...
[-0.05423261  0.3796283   0.59655876  0.70502399]
Fidelity=0.6764666222508054
--------------------------------------------------
--------------------------------------------------
Simulating with r=8.3...
Our simulation...
[-0.61315104  0.33838413  0.4765493   0.53145343]
Ans should be...
[-0.05423261  0.3796283   0.59655876  0.70502399]
Fidelity=0.6735321602160579
--------------------------------------------------
--------------------------------------------------
Simulating with r=8.4...
Our simulation...
[-0.6471767   0.33199464  0.44316226  0.52397433]
Ans should be...
[-0.05423261  0.3796283   0.59655876  0.70502399]
Fidelity=0.6318969202248669
--------------------------------------------------
--------------------------------------------------
Simulating with r=8.5...
Our simulation...
[-0.625       0.32675807  0.47598582  0.52539668]
Ans should be...
[-0.05423261  0.3796283   0.59655876  0.70502399]
Fidelity=0.6598520237858705
--------------------------------------------------
--------------------------------------------------
Simulating with r=8.6...
Our simulation...
[-0.58260243  0.34277321  0.5160606   0.52608212]
Ans should be...
[-0.05423261  0.3796283   0.59655876  0.70502399]
Fidelity=0.7064124289185832
--------------------------------------------------
--------------------------------------------------
Simulating with r=8.7...
Our simulation...
[-0.59282181  0.34843328  0.51804499  0.50871008]
Ans should be...
[-0.05423261  0.3796283   0.59655876  0.70502399]
Fidelity=0.6924278414729851
--------------------------------------------------
--------------------------------------------------
Simulating with r=8.8...
Our simulation...
[-0.60354053  0.33675223  0.52103518  0.50085837]
Ans should be...
[-0.05423261  0.3796283   0.59655876  0.70502399]
Fidelity=0.6798291480638028
--------------------------------------------------
--------------------------------------------------
Simulating with r=8.9...
Our simulation...
[-0.65785493  0.25928149  0.51856298  0.48072075]
Ans should be...
[-0.05423261  0.3796283   0.59655876  0.70502399]
Fidelity=0.6121196061693156
--------------------------------------------------
--------------------------------------------------
Simulating with r=9.0...
Our simulation...
[-0.61141784  0.32063022  0.49765807  0.52507231]
Ans should be...
[-0.05423261  0.3796283   0.59655876  0.70502399]
Fidelity=0.675601718947022
--------------------------------------------------
--------------------------------------------------
Simulating with r=9.1...
Our simulation...
[-0.5992629   0.36413828  0.50957679  0.49861687]
Ans should be...
[-0.05423261  0.3796283   0.59655876  0.70502399]
Fidelity=0.6827157407569695
--------------------------------------------------
--------------------------------------------------
Simulating with r=9.2...
Our simulation...
[-0.57160535  0.41026434  0.51703649  0.48746668]
Ans should be...
[-0.05423261  0.3796283   0.59655876  0.70502399]
Fidelity=0.7036960936975909
--------------------------------------------------
--------------------------------------------------
Simulating with r=9.3...
Our simulation...
[-0.57531375  0.32501354  0.48207299  0.57531375]
Ans should be...
[-0.05423261  0.3796283   0.59655876  0.70502399]
Fidelity=0.7187308756170144
--------------------------------------------------
--------------------------------------------------
Simulating with r=9.4...
Our simulation...
[-0.56040127  0.3520894   0.53782543  0.52223297]
Ans should be...
[-0.05423261  0.3796283   0.59655876  0.70502399]
Fidelity=0.7277563524485173
--------------------------------------------------
--------------------------------------------------
Simulating with r=9.5...
Our simulation...
[-0.6421613   0.37990775  0.51772699  0.41863795]
Ans should be...
[-0.05423261  0.3796283   0.59655876  0.70502399]
Fidelity=0.6131738586129007
--------------------------------------------------
--------------------------------------------------
Simulating with r=9.6...
Our simulation...
[-0.68007353  0.27386128  0.48733972  0.47434165]
Ans should be...
[-0.05423261  0.3796283   0.59655876  0.70502399]
Fidelity=0.586750906532795
--------------------------------------------------
--------------------------------------------------
Simulating with r=9.7...
Our simulation...
[-0.52098807  0.23904572  0.621059    0.53452248]
Ans should be...
[-0.05423261  0.3796283   0.59655876  0.70502399]
Fidelity=0.750566529621113
--------------------------------------------------
--------------------------------------------------
Simulating with r=9.8...
Our simulation...
[-0.64226163  0.38729833  0.46097722  0.47434165]
Ans should be...
[-0.05423261  0.3796283   0.59655876  0.70502399]
Fidelity=0.6261290664434389
--------------------------------------------------
--------------------------------------------------
Simulating with r=9.9...
Our simulation...
[-0.63828474  0.38490018  0.49065338  0.45133547]
Ans should be...
[-0.05423261  0.3796283   0.59655876  0.70502399]
Fidelity=0.6266950842017561
--------------------------------------------------
--------------------------------------------------
Simulating with r=10.0...
Our simulation...
[-0.51298918  0.36273813  0.56195149  0.53802759]
Ans should be...
[-0.05423261  0.3796283   0.59655876  0.70502399]
Fidelity=0.7745510839238142
--------------------------------------------------
**************************************************
Max fidelity is 0.8675695287112813, when r=0.0
Min fidelity is 0.586750906532795, when r=0.86
